20110610-16:43:46  :INETCONNECT( smtp.datarey.com.br, 25 )
>> 14A0ED4 <<

20110610-16:43:46  :INETERRORCODE( 14A0ED4 )
>>          0 <<

20110610-16:43:46  :INETSENDALL( 14A0ED4, 38, EHLO desenvolvimento5@datarey.com.br )
>>         38 <<

20110610-16:43:47  :INETRECVLINE( 14A0ED4, , 512 )
>> 220 bart0005.locaweb.com.br ESMTP Postfix (Debian/GNU) <<

20110610-16:43:47  :INETERRORCODE( 14A0ED4 )
>>          0 <<

20110610-16:43:47  :INETRECVLINE( 14A0ED4, , 512 )
>> 250-bart0005.locaweb.com.br <<

20110610-16:43:47  :INETERRORCODE( 14A0ED4 )
>>          0 <<

20110610-16:43:47  :INETRECVLINE( 14A0ED4, , 512 )
>> 250-PIPELINING <<

20110610-16:43:47  :INETERRORCODE( 14A0ED4 )
>>          0 <<

20110610-16:43:47  :INETRECVLINE( 14A0ED4, , 512 )
>> 250-SIZE 50000000 <<

20110610-16:43:47  :INETERRORCODE( 14A0ED4 )
>>          0 <<

20110610-16:43:47  :INETRECVLINE( 14A0ED4, , 512 )
>> 250-VRFY <<

20110610-16:43:47  :INETERRORCODE( 14A0ED4 )
>>          0 <<

20110610-16:43:47  :INETRECVLINE( 14A0ED4, , 512 )
>> 250-ETRN <<

20110610-16:43:47  :INETERRORCODE( 14A0ED4 )
>>          0 <<

20110610-16:43:47  :INETRECVLINE( 14A0ED4, , 512 )
>> 250-STARTTLS <<

20110610-16:43:47  :INETERRORCODE( 14A0ED4 )
>>          0 <<

20110610-16:43:47  :INETRECVLINE( 14A0ED4, , 512 )
>> 250-AUTH PLAIN LOGIN <<

20110610-16:43:47  :INETERRORCODE( 14A0ED4 )
>>          0 <<

20110610-16:43:47  :INETRECVLINE( 14A0ED4, , 512 )
>> 250-ENHANCEDSTATUSCODES <<

20110610-16:43:47  :INETERRORCODE( 14A0ED4 )
>>          0 <<

20110610-16:43:47  :INETRECVLINE( 14A0ED4, , 512 )
>> 250-8BITMIME <<

20110610-16:43:47  :INETERRORCODE( 14A0ED4 )
>>          0 <<

20110610-16:43:47  :INETRECVLINE( 14A0ED4, , 512 )
>> 250 DSN <<

20110610-16:43:47  :INETERRORCODE( 14A0ED4 )
>>          0 <<

20110610-16:43:57  :INETRECVLINE( 14A0ED4, , 512 )
>> 421 4.4.2 bart0005.locaweb.com.br Error: timeout exceeded <<

20110610-16:43:57  :INETERRORCODE( 14A0ED4 )
>>          0 <<

20110610-16:43:57  :INETRECVLINE( 14A0ED4, , 512 )
>> NIL <<

20110610-16:43:57  :INETERRORCODE( 14A0ED4 )
>>         -2 <<

20110610-16:43:57  :INETSENDALL( 14A0ED4, 12, AUTH LOGIN )
>>         12 <<

20110610-16:43:57  :INETRECVLINE( 14A0ED4, , 512 )
>> NIL <<

20110610-16:43:57  :INETERRORCODE( 14A0ED4 )
>>         -2 <<

20110610-16:43:57  :INETRECVLINE( 14A0ED4, , 512 )
>> NIL <<

20110610-16:43:57  :INETERRORCODE( 14A0ED4 )
>>         -2 <<

20110610-16:43:57  :INETRECVLINE( 14A0ED4, , 512 )
>> NIL <<

20110610-16:43:57  :INETERRORCODE( 14A0ED4 )
>>         -2 <<

