20110610-16:32:30  :INETCONNECT( smtp.servidor.com.br, 25 )
>> 13C0D7C <<

20110610-16:32:30  :INETERRORCODE( 13C0D7C )
>>          0 <<

20110610-16:32:30  :INETSENDALL( 13C0D7C, 32, EHLO meu_usuer@servidor.com.br )
>>         32 <<

20110610-16:32:35  :INETRECVLINE( 13C0D7C, , 512 )
>> 220 ns.servidor.com.br ESTMP SmartCORP <<

20110610-16:32:35  :INETERRORCODE( 13C0D7C )
>>          0 <<

20110610-16:32:36  :INETRECVLINE( 13C0D7C, , 512 )
>> 250-internet-gw.servidor.com.br <<

20110610-16:32:36  :INETERRORCODE( 13C0D7C )
>>          0 <<

20110610-16:32:36  :INETRECVLINE( 13C0D7C, , 512 )
>> 250-PIPELINING <<

20110610-16:32:36  :INETERRORCODE( 13C0D7C )
>>          0 <<

20110610-16:32:36  :INETRECVLINE( 13C0D7C, , 512 )
>> 250-SIZE 15728640 <<

20110610-16:32:36  :INETERRORCODE( 13C0D7C )
>>          0 <<

20110610-16:32:36  :INETRECVLINE( 13C0D7C, , 512 )
>> 250-ETRN <<

20110610-16:32:36  :INETERRORCODE( 13C0D7C )
>>          0 <<

20110610-16:32:36  :INETRECVLINE( 13C0D7C, , 512 )
>> 250-AUTH LOGIN PLAIN <<

20110610-16:32:36  :INETERRORCODE( 13C0D7C )
>>          0 <<

20110610-16:32:36  :INETRECVLINE( 13C0D7C, , 512 )
>> 250-AUTH=LOGIN PLAIN <<

20110610-16:32:36  :INETERRORCODE( 13C0D7C )
>>          0 <<

20110610-16:32:36  :INETRECVLINE( 13C0D7C, , 512 )
>> 250 8BITMIME <<

20110610-16:32:36  :INETERRORCODE( 13C0D7C )
>>          0 <<

20110610-16:32:56  :INETRECVLINE( 13C0D7C, , 512 )
>> NIL <<

20110610-16:32:56  :INETERRORCODE( 13C0D7C )
>>         -1 <<

20110610-16:32:56  :INETSENDALL( 13C0D7C, 12, AUTH LOGIN )
>>         12 <<

20110610-16:32:56  :INETRECVLINE( 13C0D7C, , 512 )
>> 334 VXNlcm5hbWU6 <<

20110610-16:32:56  :INETERRORCODE( 13C0D7C )
>>          0 <<

20110610-16:32:56  :INETSENDALL( 13C0D7C, 38, bWV1X3VzdWVyQHNlcnZpZG9yLmNvbS5icg== )
>>         38 <<

20110610-16:32:57  :INETRECVLINE( 13C0D7C, , 512 )
>> 334 UGFzc3dvcmQ6 <<

20110610-16:32:57  :INETERRORCODE( 13C0D7C )
>>          0 <<

20110610-16:32:57  :INETSENDALL( 13C0D7C, 10, c2VuaGE= )
>>         10 <<

20110610-16:33:00  :INETRECVLINE( 13C0D7C, , 512 )
>> 535 Error: authentication failed <<

20110610-16:33:00  :INETERRORCODE( 13C0D7C )
>>          0 <<

20110610-16:33:20  :INETRECVLINE( 13C0D7C, , 512 )
>> NIL <<

20110610-16:33:20  :INETERRORCODE( 13C0D7C )
>>         -1 <<

