[\xHarbour.com\xHarbour-xBuild\xbuild.prg->MAIN] (744)
Type: C >>>M->__ValToPrg_Object := ERROR():New()
   M->__ValToPrg_Object:PROCNAME := "TMAKEOBJECT:REFRESH"
   M->__ValToPrg_Object:PROCLINE :=       1409
   M->__ValToPrg_Object:MODULENAME := "\xHarbour.com\xHarbour-xBuild\tproject.prg"
   M->__ValToPrg_Object:AASTACK := Array(5)
      M->__ValToPrg_Object:AASTACK[1] := Array(3)
         M->__ValToPrg_Object:AASTACK[1][1] := "\xHarbour.com\xHarbour-xBuild\tproject.prg"
         M->__ValToPrg_Object:AASTACK[1][2] := "TMAKEOBJECT:REFRESH"
         M->__ValToPrg_Object:AASTACK[1][3] :=       1409

      M->__ValToPrg_Object:AASTACK[2] := Array(3)
         M->__ValToPrg_Object:AASTACK[2][1] := "\xHarbour.com\xHarbour-xBuild\tproject.prg"
         M->__ValToPrg_Object:AASTACK[2][2] := "TMAKEOBJECT:CATCHUP"
         M->__ValToPrg_Object:AASTACK[2][3] :=        308

      M->__ValToPrg_Object:AASTACK[3] := Array(3)
         M->__ValToPrg_Object:AASTACK[3][1] := "\xHarbour.com\xHarbour-xBuild\tproject.prg"
         M->__ValToPrg_Object:AASTACK[3][2] := "TMAKEPROJECT:CATCHUP"
         M->__ValToPrg_Object:AASTACK[3][3] :=        241

      M->__ValToPrg_Object:AASTACK[4] := Array(3)
         M->__ValToPrg_Object:AASTACK[4][1] := "\xHarbour.com\xHarbour-xBuild\tproject.prg"
         M->__ValToPrg_Object:AASTACK[4][2] := "TMAKEPROJECT:MAKE"
         M->__ValToPrg_Object:AASTACK[4][3] :=       3239

      M->__ValToPrg_Object:AASTACK[5] := Array(3)
         M->__ValToPrg_Object:AASTACK[5][1] := "\xHarbour.com\xHarbour-xBuild\xbuild.prg"
         M->__ValToPrg_Object:AASTACK[5][2] := "MAIN"
         M->__ValToPrg_Object:AASTACK[5][3] :=        722


<<<

